[1209/145307.005:ERROR:directory_reader_win.cc(43)] FindFirstFile: 系统找不到指定的路径。 (0x3)
[1210/081135.794:ERROR:directory_reader_win.cc(43)] FindFirstFile: 系统找不到指定的路径。 (0x3)
[1211/092127.652:ERROR:directory_reader_win.cc(43)] FindFirstFile: 系统找不到指定的路径。 (0x3)
[1214/083504.207:ERROR:directory_reader_win.cc(43)] FindFirstFile: 系统找不到指定的路径。 (0x3)
[1216/090112.727:ERROR:directory_reader_win.cc(43)] FindFirstFile: 系统找不到指定的路径。 (0x3)
[1217/081622.073:ERROR:directory_reader_win.cc(43)] FindFirstFile: 系统找不到指定的路径。 (0x3)
[1218/100538.072:ERROR:directory_reader_win.cc(43)] FindFirstFile: 系统找不到指定的路径。 (0x3)
[1222/083719.435:ERROR:directory_reader_win.cc(43)] FindFirstFile: 系统找不到指定的路径。 (0x3)
[1224/082928.175:ERROR:directory_reader_win.cc(43)] FindFirstFile: 系统找不到指定的路径。 (0x3)
[1224/092645.596:ERROR:directory_reader_win.cc(43)] FindFirstFile: 系统找不到指定的路径。 (0x3)
[1224/112652.504:ERROR:directory_reader_win.cc(43)] FindFirstFile: 系统找不到指定的路径。 (0x3)
[1224/173639.498:ERROR:process_info.cc(359)] UncheckedAllocate
[1224/181156.870:ERROR:directory_reader_win.cc(43)] FindFirstFile: 系统找不到指定的路径。 (0x3)
[1225/104325.999:ERROR:directory_reader_win.cc(43)] FindFirstFile: 系统找不到指定的路径。 (0x3)
[1225/150302.654:ERROR:directory_reader_win.cc(43)] FindFirstFile: 系统找不到指定的路径。 (0x3)
[1225/155138.236:ERROR:process_info.cc(359)] UncheckedAllocate
[1225/155138.286:ERROR:filesystem_win.cc(129)] GetFileAttributes C:\Users\Administrator\AppData\Local\Google\Chrome\User Data\Crashpad\attachments\4791ccea-510b-4d74-a59d-bae012ee4489: 系统找不到指定的路径。 (0x3)
[1225/155155.299:ERROR:process_info.cc(359)] UncheckedAllocate
[1225/155159.535:ERROR:http_transport_win.cc(276)] WinHttpSendRequest: 操作成功完成。 (0x0)
[1225/155211.091:ERROR:filesystem_win.cc(148)] DeleteFile C:\Users\Administrator\AppData\Local\Google\Chrome\User Data\Crashpad\reports\d0e67694-edfc-4186-9437-e3eb7d35f0ef.dmp: 另一个程序正在使用此文件，进程无法访问。 (0x20)
[1225/155211.389:ERROR:process_info.cc(359)] UncheckedAllocate
[1225/162106.724:ERROR:directory_reader_win.cc(43)] FindFirstFile: 系统找不到指定的路径。 (0x3)
[1226/143953.389:ERROR:directory_reader_win.cc(43)] FindFirstFile: 系统找不到指定的路径。 (0x3)
[1226/163051.850:ERROR:directory_reader_win.cc(43)] FindFirstFile: 系统找不到指定的路径。 (0x3)
[1226/175601.011:ERROR:filesystem_win.cc(129)] GetFileAttributes C:\Users\Administrator\AppData\Local\Google\Chrome\User Data\Crashpad\attachments\b2df4f90-79d2-4007-9c76-c29df52bd48a: 系统找不到指定的路径。 (0x3)
[1226/175622.084:ERROR:http_transport_win.cc(276)] WinHttpSendRequest: 操作成功完成。 (0x0)
[1227/190227.197:ERROR:directory_reader_win.cc(43)] FindFirstFile: 系统找不到指定的路径。 (0x3)
